
----------------------------------------------------------------
--------------------2023-06-01 21:47:25--------------------
----------------------------------------------------------------

:430 TRE SetOpenCLDevice:89 #diagnostics Selecting OpenCL platform...
:472 INF SetOpenCLDevice:100 #diagnostics Found OpenCL platforms: 1
:472 INF SetOpenCLDevice:119 #diagnostics Found OpenCL devices: 1
:473 TRE SetOpenCLDevice:126 #diagnostics Selecting OpenCL device (total:1)...
:473 INF SetOpenCLDevice:158 #diagnostics Selected OpenCL device: name: gfx90c:xnack-; type: 4; version: OpenCL 2.0 ; vendor: Advanced Micro Devices, Inc.; vendorID: 4098; driverVersion: 3513.0 (HSA1.1,LC)
:473 INF Run:297 Setting up...
:473 TRE RegisterMethodCallback:22 #jrpc Set callback for method: initialize
:473 TRE RegisterMethodCallback:22 #jrpc Set callback for method: initialized
:473 TRE RegisterMethodCallback:22 #jrpc Set callback for method: shutdown
:473 TRE RegisterMethodCallback:22 #jrpc Set callback for method: exit
:473 TRE RegisterMethodCallback:22 #jrpc Set callback for method: textDocument/didOpen
:473 TRE RegisterMethodCallback:22 #jrpc Set callback for method: textDocument/didChange
:473 TRE RegisterMethodCallback:22 #jrpc Set callback for method: workspace/didChangeConfiguration
:473 TRE RegisterInputCallback:28 #jrpc Set callback for client responds
:473 TRE RegisterOutputCallback:34 #jrpc Set output callback
:473 INF Run:346 Listening...
:474 DBG Consume:47 #jrpc 
:474 DBG Consume:48 #jrpc >>>>>>>>>>>>>>>>
:474 DBG Consume:50 Content-Length: 5894
:474 DBG Consume:51 {"jsonrpc":"2.0","id":0,"method":"initialize","params":{"processId":123437,"clientInfo":{"name":"Visual Studio Code","version":"1.78.2"},"locale":"en","rootPath":"/home/pawelm/mpi/projekt","rootUri":"file:///home/pawelm/mpi/projekt","capabilities":{"workspace":{"applyEdit":true,"workspaceEdit":{"documentChanges":true,"resourceOperations":["create","rename","delete"],"failureHandling":"textOnlyTransactional","normalizesLineEndings":true,"changeAnnotationSupport":{"groupsOnLabel":true}},"configuration":true,"didChangeWatchedFiles":{"dynamicRegistration":true,"relativePatternSupport":true},"symbol":{"dynamicRegistration":true,"symbolKind":{"valueSet":[1,2,3,4,5,6,7,8,9,10,11,12,13,14,15,16,17,18,19,20,21,22,23,24,25,26]},"tagSupport":{"valueSet":[1]},"resolveSupport":{"properties":["location.range"]}},"codeLens":{"refreshSupport":true},"executeCommand":{"dynamicRegistration":true},"didChangeConfiguration":{"dynamicRegistration":true},"workspaceFolders":true,"semanticTokens":{"refreshSupport":true},"fileOperations":{"dynamicRegistration":true,"didCreate":true,"didRename":true,"didDelete":true,"willCreate":true,"willRename":true,"willDelete":true},"inlineValue":{"refreshSupport":true},"inlayHint":{"refreshSupport":true},"diagnostics":{"refreshSupport":true}},"textDocument":{"publishDiagnostics":{"relatedInformation":true,"versionSupport":false,"tagSupport":{"valueSet":[1,2]},"codeDescriptionSupport":true,"dataSupport":true},"synchronization":{"dynamicRegistration":true,"willSave":true,"willSaveWaitUntil":true,"didSave":true},"completion":{"dynamicRegistration":true,"contextSupport":true,"completionItem":{"snippetSupport":true,"commitCharactersSupport":true,"documentationFormat":["markdown","plaintext"],"deprecatedSupport":true,"preselectSupport":true,"tagSupport":{"valueSet":[1]},"insertReplaceSupport":true,"resolveSupport":{"properties":["documentation","detail","additionalTextEdits"]},"insertTextModeSupport":{"valueSet":[1,2]},"labelDetailsSupport":true},"insertTextMode":2,"completionItemKind":{"valueSet":[1,2,3,4,5,6,7,8,9,10,11,12,13,14,15,16,17,18,19,20,21,22,23,24,25]},"completionList":{"itemDefaults":["commitCharacters","editRange","insertTextFormat","insertTextMode"]}},"hover":{"dynamicRegistration":true,"contentFormat":["markdown","plaintext"]},"signatureHelp":{"dynamicRegistration":true,"signatureInformation":{"documentationFormat":["markdown","plaintext"],"parameterInformation":{"labelOffsetSupport":true},"activeParameterSupport":true},"contextSupport":true},"definition":{"dynamicRegistration":true,"linkSupport":true},"references":{"dynamicRegistration":true},"documentHighlight":{"dynamicRegistration":true},"documentSymbol":{"dynamicRegistration":true,"symbolKind":{"valueSet":[1,2,3,4,5,6,7,8,9,10,11,12,13,14,15,16,17,18,19,20,21,22,23,24,25,26]},"hierarchicalDocumentSymbolSupport":true,"tagSupport":{"valueSet":[1]},"labelSupport":true},"codeAction":{"dynamicRegistration":true,"isPreferredSupport":true,"disabledSupport":true,"dataSupport":true,"resolveSupport":{"properties":["edit"]},"codeActionLiteralSupport":{"codeActionKind":{"valueSet":["","quickfix","refactor","refactor.extract","refactor.inline","refactor.rewrite","source","source.organizeImports"]}},"honorsChangeAnnotations":false},"codeLens":{"dynamicRegistration":true},"formatting":{"dynamicRegistration":true},"rangeFormatting":{"dynamicRegistration":true},"onTypeFormatting":{"dynamicRegistration":true},"rename":{"dynamicRegistration":true,"prepareSupport":true,"prepareSupportDefaultBehavior":1,"honorsChangeAnnotations":true},"documentLink":{"dynamicRegistration":true,"tooltipSupport":true},"typeDefinition":{"dynamicRegistration":true,"linkSupport":true},"implementation":{"dynamicRegistration":true,"linkSupport":true},"colorProvider":{"dynamicRegistration":true},"foldingRange":{"dynamicRegistration":true,"rangeLimit":5000,"lineFoldingOnly":true,"foldingRangeKind":{"valueSet":["comment","imports","region"]},"foldingRange":{"collapsedText":false}},"declaration":{"dynamicRegistration":true,"linkSupport":true},"selectionRange":{"dynamicRegistration":true},"callHierarchy":{"dynamicRegistration":true},"semanticTokens":{"dynamicRegistration":true,"tokenTypes":["namespace","type","class","enum","interface","struct","typeParameter","parameter","variable","property","enumMember","event","function","method","macro","keyword","modifier","comment","string","number","regexp","operator","decorator"],"tokenModifiers":["declaration","definition","readonly","static","deprecated","abstract","async","modification","documentation","defaultLibrary"],"formats":["relative"],"requests":{"range":true,"full":{"delta":true}},"multilineTokenSupport":false,"overlappingTokenSupport":false,"serverCancelSupport":true,"augmentsSyntaxTokens":true},"linkedEditingRange":{"dynamicRegistration":true},"typeHierarchy":{"dynamicRegistration":true},"inlineValue":{"dynamicRegistration":true},"inlayHint":{"dynamicRegistration":true,"resolveSupport":{"properties":["tooltip","textEdits","label.tooltip","label.location","label.command"]}},"diagnostic":{"dynamicRegistration":true,"relatedDocumentSupport":false}},"window":{"showMessage":{"messageActionItem":{"additionalPropertiesSupport":true}},"showDocument":{"support":true},"workDoneProgress":true},"general":{"staleRequestSupport":{"cancel":true,"retryOnContentModified":["textDocument/semanticTokens/full","textDocument/semanticTokens/range","textDocument/semanticTokens/full/delta"]},"regularExpressions":{"engine":"ECMAScript","version":"ES2020"},"markdown":{"parser":"marked","version":"1.1.0"},"positionEncodings":["utf-16"]},"notebookDocument":{"synchronization":{"dynamicRegistration":true,"executionSummarySupport":true}}},"initializationOptions":{"configuration":{"buildOptions":[],"deviceID":0,"maxNumberOfProblems":100}},"trace":"off","workspaceFolders":[{"uri":"file:///home/pawelm/mpi/projekt","name":"projekt"}]}}
:474 DBG Consume:52 #jrpc >>>>>>>>>>>>>>>>
:474 DBG Consume:53 #jrpc 
:475 DBG OnInitialize:184 #jrpc Tracing options: is verbose: no, is on: no
:475 DBG FireMethodCallback:267 #jrpc Calling handler for method: initialize
:475 DBG OnInitialize:88 #lsp Received 'initialize' request
:475 DBG SetBuildOptions:275 #diagnostics Set build options: 
:475 DBG SetMaxProblemsCount:285 #diagnostics Set max number of problems: 100
:475 TRE SetOpenCLDevice:89 #diagnostics Selecting OpenCL platform...
:475 INF SetOpenCLDevice:100 #diagnostics Found OpenCL platforms: 1
:475 INF SetOpenCLDevice:119 #diagnostics Found OpenCL devices: 1
:475 TRE SetOpenCLDevice:126 #diagnostics Selecting OpenCL device (total:1)...
:475 INF SetOpenCLDevice:158 #diagnostics Selected OpenCL device: name: gfx90c:xnack-; type: 4; version: OpenCL 2.0 ; vendor: Advanced Micro Devices, Inc.; vendorID: 4098; driverVersion: 3513.0 (HSA1.1,LC)
:476 DBG Write:131 #jrpc 
:476 DBG Write:132 #jrpc <<<<<<<<<<<<<<<<
:476 DBG Write:133 Content-Length: 157
Content-Type: application/vscode-jsonrpc;charset=utf-8

{"id":0,"result":{"capabilities":{"textDocumentSync":{"openClose":true,"change":1,"willSave":false,"willSaveWaitUntil":false,"save":false}}},"jsonrpc":"2.0"}
:476 DBG Write:134 #jrpc <<<<<<<<<<<<<<<<
:476 DBG Write:135 #jrpc 
:478 DBG Consume:47 #jrpc 
:478 DBG Consume:48 #jrpc >>>>>>>>>>>>>>>>
:479 DBG Consume:50 Content-Length: 52
:479 DBG Consume:51 {"jsonrpc":"2.0","method":"initialized","params":{}}
:479 DBG Consume:52 #jrpc >>>>>>>>>>>>>>>>
:479 DBG Consume:53 #jrpc 
:479 DBG FireMethodCallback:267 #jrpc Calling handler for method: initialized
:479 DBG OnInitialized:145 #lsp Received 'initialized' message
:479 DBG Write:131 #jrpc 
:480 DBG Write:132 #jrpc <<<<<<<<<<<<<<<<
:480 DBG Write:133 Content-Length: 209
Content-Type: application/vscode-jsonrpc;charset=utf-8

{"id":"8a1a84561daad7fb7e5d0798ee8a8266","method":"client/registerCapability","params":{"registrations":[{"id":"01caa249cbd6a58cd570c86325e6d60c","method":"workspace/didChangeConfiguration"}]},"jsonrpc":"2.0"}
:480 DBG Write:134 #jrpc <<<<<<<<<<<<<<<<
:480 DBG Write:135 #jrpc 
:481 DBG Consume:47 #jrpc 
:481 DBG Consume:48 #jrpc >>>>>>>>>>>>>>>>
:481 DBG Consume:50 Content-Length: 71
:481 DBG Consume:51 {"jsonrpc":"2.0","id":"8a1a84561daad7fb7e5d0798ee8a8266","result":null}
:481 DBG Consume:52 #jrpc >>>>>>>>>>>>>>>>
:481 DBG Consume:53 #jrpc 
:481 DBG FireRespondCallback:239 #jrpc Calling handler for a client respond
:481 DBG OnRespond:268 #lsp Received client respond
:344 DBG Consume:47 #jrpc 
:344 DBG Consume:48 #jrpc >>>>>>>>>>>>>>>>
:344 DBG Consume:50 Content-Length: 64
:344 DBG Consume:51 {"jsonrpc":"2.0","method":"$/setTrace","params":{"value":"off"}}
:344 DBG Consume:52 #jrpc >>>>>>>>>>>>>>>>
:344 DBG Consume:53 #jrpc 
:344 DBG OnTracingChanged:204 #jrpc Tracing options were changed: is verboseno, is on: no
:344 DBG FireMethodCallback:252 #jrpc Got request: no, respond is required: no
:362 DBG Consume:47 #jrpc 
:362 DBG Consume:48 #jrpc >>>>>>>>>>>>>>>>
:362 DBG Consume:50 Content-Length: 88
:362 DBG Consume:51 {"jsonrpc":"2.0","method":"workspace/didChangeConfiguration","params":{"settings":null}}
:362 DBG Consume:52 #jrpc >>>>>>>>>>>>>>>>
:362 DBG Consume:53 #jrpc 
:362 DBG FireMethodCallback:267 #jrpc Calling handler for method: workspace/didChangeConfiguration
:362 DBG GetConfiguration:66 #lsp Make configuration request
:362 DBG Write:131 #jrpc 
:362 DBG Write:132 #jrpc <<<<<<<<<<<<<<<<
:362 DBG Write:133 Content-Length: 239
Content-Type: application/vscode-jsonrpc;charset=utf-8

{"id":"ab52adc562dd389dc5315119cac9eb53","method":"workspace/configuration","params":{"items":[{"section":"OpenCL.server.buildOptions"},{"section":"OpenCL.server.maxNumberOfProblems"},{"section":"OpenCL.server.deviceID"}]},"jsonrpc":"2.0"}
:362 DBG Write:134 #jrpc <<<<<<<<<<<<<<<<
:362 DBG Write:135 #jrpc 
:396 DBG Consume:47 #jrpc 
:396 DBG Consume:48 #jrpc >>>>>>>>>>>>>>>>
:396 DBG Consume:50 Content-Length: 77
:396 DBG Consume:51 {"jsonrpc":"2.0","id":"ab52adc562dd389dc5315119cac9eb53","result":[[],100,0]}
:396 DBG Consume:52 #jrpc >>>>>>>>>>>>>>>>
:396 DBG Consume:53 #jrpc 
:396 DBG FireRespondCallback:239 #jrpc Calling handler for a client respond
:396 DBG OnRespond:268 #lsp Received client respond
:396 DBG OnConfiguration:235 #lsp Received 'configuration' respond
:396 DBG SetBuildOptions:275 #diagnostics Set build options: 
:396 DBG SetMaxProblemsCount:285 #diagnostics Set max number of problems: 100
:396 TRE SetOpenCLDevice:89 #diagnostics Selecting OpenCL platform...
:396 INF SetOpenCLDevice:100 #diagnostics Found OpenCL platforms: 1
:396 INF SetOpenCLDevice:119 #diagnostics Found OpenCL devices: 1
:396 TRE SetOpenCLDevice:126 #diagnostics Selecting OpenCL device (total:1)...
:396 INF SetOpenCLDevice:158 #diagnostics Selected OpenCL device: name: gfx90c:xnack-; type: 4; version: OpenCL 2.0 ; vendor: Advanced Micro Devices, Inc.; vendorID: 4098; driverVersion: 3513.0 (HSA1.1,LC)
